childhoodtb_mobile/app/build/outputs/logs/manifest-merger-debug-report.txt
-- Merging decision tree log ---
manifest
ADDED from src\main\AndroidManifest.xml:2:1-127:12
	xmlns:android
		ADDED from src\main\AndroidManifest.xml:2:11-69
	package
		ADDED from src\main\AndroidManifest.xml:3:5-52
		INJECTED from src\main\AndroidManifest.xml
		INJECTED from src\main\AndroidManifest.xml
	android:versionName
		ADDED from src\main\AndroidManifest.xml:5:5-32
		INJECTED from src\main\AndroidManifest.xml
		INJECTED from src\main\AndroidManifest.xml
	android:versionCode
		ADDED from src\main\AndroidManifest.xml:4:5-28
		INJECTED from src\main\AndroidManifest.xml
		INJECTED from src\main\AndroidManifest.xml
uses-sdk
ADDED from src\main\AndroidManifest.xml:7:5-9:41
MERGED from [com.android.support:support-v4:23.0.1] AndroidManifest.xml:20:5-43
	android:targetSdkVersion
		ADDED from src\main\AndroidManifest.xml:9:9-38
		INJECTED from src\main\AndroidManifest.xml
		INJECTED from src\main\AndroidManifest.xml
	android:minSdkVersion
		ADDED from src\main\AndroidManifest.xml:8:9-35
		INJECTED from src\main\AndroidManifest.xml
		INJECTED from src\main\AndroidManifest.xml
uses-permission#android.permission.ACCESS_COARSE_LOCATION
ADDED from src\main\AndroidManifest.xml:11:5-81
	android:name
		ADDED from src\main\AndroidManifest.xml:11:22-78
uses-permission#android.permission.ACCESS_FINE_LOCATION
ADDED from src\main\AndroidManifest.xml:12:5-79
	android:name
		ADDED from src\main\AndroidManifest.xml:12:22-76
uses-permission#android.permission.ACCESS_NETWORK_STATE
ADDED from src\main\AndroidManifest.xml:13:5-79
	android:name
		ADDED from src\main\AndroidManifest.xml:13:22-76
uses-permission#android.permission.INTERNET
ADDED from src\main\AndroidManifest.xml:14:5-67
	android:name
		ADDED from src\main\AndroidManifest.xml:14:22-64
uses-permission#android.permission.SEND_SMS
ADDED from src\main\AndroidManifest.xml:15:5-67
	android:name
		ADDED from src\main\AndroidManifest.xml:15:22-64
uses-permission#android.permission.WRITE_EXTERNAL_STORAGE
ADDED from src\main\AndroidManifest.xml:16:5-81
	android:name
		ADDED from src\main\AndroidManifest.xml:16:22-78
application
ADDED from src\main\AndroidManifest.xml:18:5-125:19
MERGED from [com.android.support:support-v4:23.0.1] AndroidManifest.xml:22:5-20
	android:label
		ADDED from src\main\AndroidManifest.xml:21:9-41
	android:allowBackup
		ADDED from src\main\AndroidManifest.xml:19:9-35
	android:icon
		ADDED from src\main\AndroidManifest.xml:20:9-42
	android:theme
		ADDED from src\main\AndroidManifest.xml:22:9-44
activity#com.ihsinformatics.childhoodtb_mobile.MainActivity
ADDED from src\main\AndroidManifest.xml:23:9-31:20
	android:label
		ADDED from src\main\AndroidManifest.xml:25:13-45
	android:name
		ADDED from src\main\AndroidManifest.xml:24:13-41
intent-filter#android.intent.action.MAIN+android.intent.category.LAUNCHER
ADDED from src\main\AndroidManifest.xml:26:13-30:29
action#android.intent.action.MAIN
ADDED from src\main\AndroidManifest.xml:27:17-69
	android:name
		ADDED from src\main\AndroidManifest.xml:27:25-66
category#android.intent.category.LAUNCHER
ADDED from src\main\AndroidManifest.xml:29:17-77
	android:name
		ADDED from src\main\AndroidManifest.xml:29:27-74
activity#com.ihsinformatics.childhoodtb_mobile.MainMenuActivity
ADDED from src\main\AndroidManifest.xml:32:9-34:75
	android:configChanges
		ADDED from src\main\AndroidManifest.xml:34:13-63
	android:name
		ADDED from src\main\AndroidManifest.xml:33:13-82
activity#com.ihsinformatics.childhoodtb_mobile.LoginActivity
ADDED from src\main\AndroidManifest.xml:35:9-37:75
	android:configChanges
		ADDED from src\main\AndroidManifest.xml:37:13-63
	android:name
		ADDED from src\main\AndroidManifest.xml:36:13-42
activity#com.ihsinformatics.childhoodtb_mobile.Preferences
ADDED from src\main\AndroidManifest.xml:38:9-40:75
	android:configChanges
		ADDED from src\main\AndroidManifest.xml:40:13-63
	android:name
		ADDED from src\main\AndroidManifest.xml:39:13-40
activity#com.ihsinformatics.childhoodtb_mobile.PediatricScreeningActivity
ADDED from src\main\AndroidManifest.xml:41:9-43:75
	android:configChanges
		ADDED from src\main\AndroidManifest.xml:43:13-63
	android:name
		ADDED from src\main\AndroidManifest.xml:42:13-55
activity#com.ihsinformatics.childhoodtb_mobile.AdultScreeningActivity
ADDED from src\main\AndroidManifest.xml:44:9-46:75
	android:configChanges
		ADDED from src\main\AndroidManifest.xml:46:13-63
	android:name
		ADDED from src\main\AndroidManifest.xml:45:13-51
activity#com.ihsinformatics.childhoodtb_mobile.PatientRegistrationActivity
ADDED from src\main\AndroidManifest.xml:47:9-49:75
	android:configChanges
		ADDED from src\main\AndroidManifest.xml:49:13-63
	android:name
		ADDED from src\main\AndroidManifest.xml:48:13-56
activity#com.ihsinformatics.childhoodtb_mobile.ContactTracingActivity
ADDED from src\main\AndroidManifest.xml:50:9-52:75
	android:configChanges
		ADDED from src\main\AndroidManifest.xml:52:13-63
	android:name
		ADDED from src\main\AndroidManifest.xml:51:13-51
activity#com.ihsinformatics.childhoodtb_mobile.PaediatricContactTracingActivity
ADDED from src\main\AndroidManifest.xml:53:9-55:75
	android:configChanges
		ADDED from src\main\AndroidManifest.xml:55:13-63
	android:name
		ADDED from src\main\AndroidManifest.xml:54:13-61
activity#com.ihsinformatics.childhoodtb_mobile.AdultReverseContactTracingActivity
ADDED from src\main\AndroidManifest.xml:56:9-58:75
	android:configChanges
		ADDED from src\main\AndroidManifest.xml:58:13-63
	android:name
		ADDED from src\main\AndroidManifest.xml:57:13-63
activity#com.ihsinformatics.childhoodtb_mobile.ClinicalVisitBarriersActivity
ADDED from src\main\AndroidManifest.xml:59:9-61:75
	android:configChanges
		ADDED from src\main\AndroidManifest.xml:61:13-63
	android:name
		ADDED from src\main\AndroidManifest.xml:60:13-58
activity#com.ihsinformatics.childhoodtb_mobile.PrivatePatientActivity
ADDED from src\main\AndroidManifest.xml:62:9-64:75
	android:configChanges
		ADDED from src\main\AndroidManifest.xml:64:13-63
	android:name
		ADDED from src\main\AndroidManifest.xml:63:13-51
activity#com.ihsinformatics.childhoodtb_mobile.FeedbackActivity
ADDED from src\main\AndroidManifest.xml:65:9-67:75
	android:configChanges
		ADDED from src\main\AndroidManifest.xml:67:13-63
	android:name
		ADDED from src\main\AndroidManifest.xml:66:13-45
activity#com.ihsinformatics.childhoodtb_mobile.PatientSearchActivity
ADDED from src\main\AndroidManifest.xml:68:9-70:75
	android:configChanges
		ADDED from src\main\AndroidManifest.xml:70:13-63
	android:name
		ADDED from src\main\AndroidManifest.xml:69:13-50
activity#com.ihsinformatics.childhoodtb_mobile.SavedFormsActivity
ADDED from src\main\AndroidManifest.xml:71:9-73:75
	android:configChanges
		ADDED from src\main\AndroidManifest.xml:73:13-63
	android:name
		ADDED from src\main\AndroidManifest.xml:72:13-47
activity#com.ihsinformatics.childhoodtb_mobile.Barcode
ADDED from src\main\AndroidManifest.xml:74:9-76:75
	android:configChanges
		ADDED from src\main\AndroidManifest.xml:76:13-63
	android:name
		ADDED from src\main\AndroidManifest.xml:75:13-36
activity#com.ihsinformatics.childhoodtb_mobile.ChildhoodTbNewActivities.PaediatricScreeningFormActivity
ADDED from src\main\AndroidManifest.xml:77:9-79:75
	android:configChanges
		ADDED from src\main\AndroidManifest.xml:79:13-63
	android:name
		ADDED from src\main\AndroidManifest.xml:78:13-85
activity#com.ihsinformatics.childhoodtb_mobile.ChildhoodTbNewActivities.PaedsPresumptiveConfirmationActivity
ADDED from src\main\AndroidManifest.xml:80:9-82:75
	android:configChanges
		ADDED from src\main\AndroidManifest.xml:82:13-63
	android:name
		ADDED from src\main\AndroidManifest.xml:81:13-90
activity#com.ihsinformatics.childhoodtb_mobile.ChildhoodTbNewActivities.PaediatricContactTracingAtHomeActivity
ADDED from src\main\AndroidManifest.xml:83:9-84:75
	android:configChanges
		ADDED from src\main\AndroidManifest.xml:84:13-63
	android:name
		ADDED from src\main\AndroidManifest.xml:83:19-98
activity#com.ihsinformatics.childhoodtb_mobile.ChildhoodTbNewActivities.PediatricContactInvestigationAtFacilityActivity
ADDED from src\main\AndroidManifest.xml:85:9-86:75
	android:configChanges
		ADDED from src\main\AndroidManifest.xml:86:13-63
	android:name
		ADDED from src\main\AndroidManifest.xml:85:19-107
activity#com.ihsinformatics.childhoodtb_mobile.ChildhoodTbNewActivities.EndFollowUpActivity
ADDED from src\main\AndroidManifest.xml:87:9-88:71
	android:configChanges
		ADDED from src\main\AndroidManifest.xml:88:9-59
	android:name
		ADDED from src\main\AndroidManifest.xml:87:19-79
activity#com.ihsinformatics.childhoodtb_mobile.ChildhoodTbNewActivities.TestIndicationActivity
ADDED from src\main\AndroidManifest.xml:89:9-90:75
	android:configChanges
		ADDED from src\main\AndroidManifest.xml:90:13-63
	android:name
		ADDED from src\main\AndroidManifest.xml:89:19-82
activity#com.ihsinformatics.childhoodtb_mobile.ChildhoodTbNewActivities.AFBTestOrderActivity
ADDED from src\main\AndroidManifest.xml:91:9-92:75
	android:configChanges
		ADDED from src\main\AndroidManifest.xml:92:13-63
	android:name
		ADDED from src\main\AndroidManifest.xml:91:19-80
activity#com.ihsinformatics.childhoodtb_mobile.ChildhoodTbNewActivities.CXRTestOrderActivity
ADDED from src\main\AndroidManifest.xml:93:9-94:75
	android:configChanges
		ADDED from src\main\AndroidManifest.xml:94:13-63
	android:name
		ADDED from src\main\AndroidManifest.xml:93:19-80
activity#com.ihsinformatics.childhoodtb_mobile.ChildhoodTbNewActivities.HistopathologTestOrderActivity
ADDED from src\main\AndroidManifest.xml:95:9-96:75
	android:configChanges
		ADDED from src\main\AndroidManifest.xml:96:13-63
	android:name
		ADDED from src\main\AndroidManifest.xml:95:19-90
activity#com.ihsinformatics.childhoodtb_mobile.ChildhoodTbNewActivities.ESRTestOrderActivity
ADDED from src\main\AndroidManifest.xml:97:9-98:75
	android:configChanges
		ADDED from src\main\AndroidManifest.xml:98:13-63
	android:name
		ADDED from src\main\AndroidManifest.xml:97:19-80
activity#com.ihsinformatics.childhoodtb_mobile.ChildhoodTbNewActivities.AFBTestResultActivity
ADDED from src\main\AndroidManifest.xml:99:9-100:71
	android:configChanges
		ADDED from src\main\AndroidManifest.xml:100:9-59
	android:name
		ADDED from src\main\AndroidManifest.xml:99:19-81
activity#com.ihsinformatics.childhoodtb_mobile.ChildhoodTbNewActivities.CXRTestResultActivity
ADDED from src\main\AndroidManifest.xml:101:9-102:75
	android:configChanges
		ADDED from src\main\AndroidManifest.xml:102:13-63
	android:name
		ADDED from src\main\AndroidManifest.xml:101:19-81
activity#com.ihsinformatics.childhoodtb_mobile.ChildhoodTbNewActivities.HistopathologTestResultActivity
ADDED from src\main\AndroidManifest.xml:103:9-104:71
	android:configChanges
		ADDED from src\main\AndroidManifest.xml:104:9-59
	android:name
		ADDED from src\main\AndroidManifest.xml:103:19-91
activity#com.ihsinformatics.childhoodtb_mobile.ChildhoodTbNewActivities.ESRTestResultActivity
ADDED from src\main\AndroidManifest.xml:105:9-106:75
	android:configChanges
		ADDED from src\main\AndroidManifest.xml:106:13-63
	android:name
		ADDED from src\main\AndroidManifest.xml:105:19-81
activity#com.ihsinformatics.childhoodtb_mobile.ChildhoodTbNewActivities.GXPTestOrderActivity
ADDED from src\main\AndroidManifest.xml:107:9-108:75
	android:configChanges
		ADDED from src\main\AndroidManifest.xml:108:13-63
	android:name
		ADDED from src\main\AndroidManifest.xml:107:19-80
activity#com.ihsinformatics.childhoodtb_mobile.ChildhoodTbNewActivities.GXPTestResultActivity
ADDED from src\main\AndroidManifest.xml:109:9-110:75
	android:configChanges
		ADDED from src\main\AndroidManifest.xml:110:13-63
	android:name
		ADDED from src\main\AndroidManifest.xml:109:19-81
activity#com.ihsinformatics.childhoodtb_mobile.ChildhoodTbNewActivities.TSTTestOrderActivity
ADDED from src\main\AndroidManifest.xml:111:9-112:75
	android:configChanges
		ADDED from src\main\AndroidManifest.xml:112:13-63
	android:name
		ADDED from src\main\AndroidManifest.xml:111:19-80
activity#com.ihsinformatics.childhoodtb_mobile.ChildhoodTbNewActivities.TSTTestResultActivity
ADDED from src\main\AndroidManifest.xml:113:9-114:75
	android:configChanges
		ADDED from src\main\AndroidManifest.xml:114:13-63
	android:name
		ADDED from src\main\AndroidManifest.xml:113:19-81
activity#com.ihsinformatics.childhoodtb_mobile.ChildhoodTbNewActivities.CTScanTestOrderActivity
ADDED from src\main\AndroidManifest.xml:115:9-116:75
	android:configChanges
		ADDED from src\main\AndroidManifest.xml:116:13-63
	android:name
		ADDED from src\main\AndroidManifest.xml:115:19-83
activity#com.ihsinformatics.childhoodtb_mobile.ChildhoodTbNewActivities.CTScanTestResultActivity
ADDED from src\main\AndroidManifest.xml:117:9-118:75
	android:configChanges
		ADDED from src\main\AndroidManifest.xml:118:13-63
	android:name
		ADDED from src\main\AndroidManifest.xml:117:19-84
activity#com.ihsinformatics.childhoodtb_mobile.ChildhoodTbNewActivities.UltraSoundTestOrderActivity
ADDED from src\main\AndroidManifest.xml:119:9-120:75
	android:configChanges
		ADDED from src\main\AndroidManifest.xml:120:13-63
	android:name
		ADDED from src\main\AndroidManifest.xml:119:19-87
activity#com.ihsinformatics.childhoodtb_mobile.ChildhoodTbNewActivities.UltraSoundTestResultActivity
ADDED from src\main\AndroidManifest.xml:121:9-122:75
	android:configChanges
		ADDED from src\main\AndroidManifest.xml:122:13-63
	android:name
		ADDED from src\main\AndroidManifest.xml:121:19-88
activity#com.ihsinformatics.childhoodtb_mobile.ChildhoodTbNewActivities.TreatmentInitiationActivity
ADDED from src\main\AndroidManifest.xml:123:9-124:75
	android:configChanges
		ADDED from src\main\AndroidManifest.xml:124:13-63
	android:name
		ADDED from src\main\AndroidManifest.xml:123:19-87